C:\USERS\LEV\DESKTOP\DROPBOX\STUDY_MATERIALS_2\ALG2\HOMEWORK5\HW5\DEBUG\VC110.PDB
C:\USERS\LEV\DESKTOP\DROPBOX\STUDY_MATERIALS_2\ALG2\HOMEWORK5\HW5\DEBUG\TESTDRIVER.OBJ
C:\USERS\LEV\DESKTOP\DROPBOX\STUDY_MATERIALS_2\ALG2\HOMEWORK5\HW5\DEBUG\ENHANCEDLINKEDLIST.OBJ
C:\USERS\LEV\DESKTOP\DROPBOX\STUDY_MATERIALS_2\ALG2\HOMEWORK5\DEBUG\HW5.ILK
C:\USERS\LEV\DESKTOP\DROPBOX\STUDY_MATERIALS_2\ALG2\HOMEWORK5\DEBUG\HW5.EXE
C:\USERS\LEV\DESKTOP\DROPBOX\STUDY_MATERIALS_2\ALG2\HOMEWORK5\DEBUG\HW5.PDB
C:\Users\Lev\Desktop\Dropbox\Study_Materials_2\Alg2\homework5\hw5\Debug\EnhancedLinkedList.obj
C:\Users\Lev\Desktop\Dropbox\Study_Materials_2\Alg2\homework5\hw5\Debug\testdriver.obj
C:\Users\Lev\Desktop\Dropbox\Study_Materials_2\Alg2\homework5\hw5\Debug\cl.command.1.tlog
C:\Users\Lev\Desktop\Dropbox\Study_Materials_2\Alg2\homework5\hw5\Debug\CL.read.1.tlog
C:\Users\Lev\Desktop\Dropbox\Study_Materials_2\Alg2\homework5\hw5\Debug\CL.write.1.tlog
C:\Users\Lev\Desktop\Dropbox\Study_Materials_2\Alg2\homework5\hw5\Debug\link-cvtres.read.1.tlog
C:\Users\Lev\Desktop\Dropbox\Study_Materials_2\Alg2\homework5\hw5\Debug\link-cvtres.write.1.tlog
C:\Users\Lev\Desktop\Dropbox\Study_Materials_2\Alg2\homework5\hw5\Debug\link-rc.read.1.tlog
C:\Users\Lev\Desktop\Dropbox\Study_Materials_2\Alg2\homework5\hw5\Debug\link-rc.write.1.tlog
C:\Users\Lev\Desktop\Dropbox\Study_Materials_2\Alg2\homework5\hw5\Debug\link.3840-cvtres.read.1.tlog
C:\Users\Lev\Desktop\Dropbox\Study_Materials_2\Alg2\homework5\hw5\Debug\link.3840-cvtres.write.1.tlog
C:\Users\Lev\Desktop\Dropbox\Study_Materials_2\Alg2\homework5\hw5\Debug\link.3840-rc.read.1.tlog
C:\Users\Lev\Desktop\Dropbox\Study_Materials_2\Alg2\homework5\hw5\Debug\link.3840-rc.write.1.tlog
C:\Users\Lev\Desktop\Dropbox\Study_Materials_2\Alg2\homework5\hw5\Debug\link.3840.read.1.tlog
C:\Users\Lev\Desktop\Dropbox\Study_Materials_2\Alg2\homework5\hw5\Debug\link.3840.write.1.tlog
C:\Users\Lev\Desktop\Dropbox\Study_Materials_2\Alg2\homework5\hw5\Debug\link.5508-cvtres.read.1.tlog
C:\Users\Lev\Desktop\Dropbox\Study_Materials_2\Alg2\homework5\hw5\Debug\link.5508-cvtres.write.1.tlog
C:\Users\Lev\Desktop\Dropbox\Study_Materials_2\Alg2\homework5\hw5\Debug\link.5508-rc.read.1.tlog
C:\Users\Lev\Desktop\Dropbox\Study_Materials_2\Alg2\homework5\hw5\Debug\link.5508-rc.write.1.tlog
C:\Users\Lev\Desktop\Dropbox\Study_Materials_2\Alg2\homework5\hw5\Debug\link.5508.read.1.tlog
C:\Users\Lev\Desktop\Dropbox\Study_Materials_2\Alg2\homework5\hw5\Debug\link.5508.write.1.tlog
C:\Users\Lev\Desktop\Dropbox\Study_Materials_2\Alg2\homework5\hw5\Debug\link.command.1.tlog
C:\Users\Lev\Desktop\Dropbox\Study_Materials_2\Alg2\homework5\hw5\Debug\link.read.1.tlog
C:\Users\Lev\Desktop\Dropbox\Study_Materials_2\Alg2\homework5\hw5\Debug\link.write.1.tlog
C:\Users\Lev\Desktop\Dropbox\Study_Materials_2\Alg2\homework5\hw5\Debug\vc110.idb
C:\Users\Lev\Desktop\Dropbox\Study_Materials_2\Alg2\homework5\hw5\Debug\vc110.pdb
C:\Users\Lev\Desktop\Dropbox\Study_Materials_2\Alg2\homework5\Debug\hw5.pdb
C:\Users\Lev\Desktop\Dropbox\Study_Materials_2\Alg2\homework5\Debug\hw5.exe
C:\Users\Lev\Desktop\Dropbox\Study_Materials_2\Alg2\homework5\Debug\hw5.ilk
