C:\USERS\LEV\DESKTOP\DROPBOX\STUDY_MATERIALS_2\ALG2\HOMEWORK6\HW6\DEBUG\CAR.OBJ
C:\USERS\LEV\DESKTOP\DROPBOX\STUDY_MATERIALS_2\ALG2\HOMEWORK6\HW6\DEBUG\MAIN.OBJ
C:\USERS\LEV\DESKTOP\DROPBOX\STUDY_MATERIALS_2\ALG2\HOMEWORK6\HW6\DEBUG\VC110.PDB
C:\USERS\LEV\DESKTOP\DROPBOX\STUDY_MATERIALS_2\ALG2\HOMEWORK6\DEBUG\HW6.ILK
C:\USERS\LEV\DESKTOP\DROPBOX\STUDY_MATERIALS_2\ALG2\HOMEWORK6\DEBUG\HW6.EXE
C:\USERS\LEV\DESKTOP\DROPBOX\STUDY_MATERIALS_2\ALG2\HOMEWORK6\DEBUG\HW6.PDB
C:\Users\Lev\Desktop\Dropbox\Study_Materials_2\Alg2\homework6\hw6\Debug\car.obj
C:\Users\Lev\Desktop\Dropbox\Study_Materials_2\Alg2\homework6\hw6\Debug\main.obj
C:\Users\Lev\Desktop\Dropbox\Study_Materials_2\Alg2\homework6\hw6\Debug\cl.command.1.tlog
C:\Users\Lev\Desktop\Dropbox\Study_Materials_2\Alg2\homework6\hw6\Debug\CL.read.1.tlog
C:\Users\Lev\Desktop\Dropbox\Study_Materials_2\Alg2\homework6\hw6\Debug\CL.write.1.tlog
C:\Users\Lev\Desktop\Dropbox\Study_Materials_2\Alg2\homework6\hw6\Debug\link-cvtres.read.1.tlog
C:\Users\Lev\Desktop\Dropbox\Study_Materials_2\Alg2\homework6\hw6\Debug\link-cvtres.write.1.tlog
C:\Users\Lev\Desktop\Dropbox\Study_Materials_2\Alg2\homework6\hw6\Debug\link-rc.read.1.tlog
C:\Users\Lev\Desktop\Dropbox\Study_Materials_2\Alg2\homework6\hw6\Debug\link-rc.write.1.tlog
C:\Users\Lev\Desktop\Dropbox\Study_Materials_2\Alg2\homework6\hw6\Debug\link.command.1.tlog
C:\Users\Lev\Desktop\Dropbox\Study_Materials_2\Alg2\homework6\hw6\Debug\link.read.1.tlog
C:\Users\Lev\Desktop\Dropbox\Study_Materials_2\Alg2\homework6\hw6\Debug\link.write.1.tlog
C:\Users\Lev\Desktop\Dropbox\Study_Materials_2\Alg2\homework6\hw6\Debug\vc110.idb
C:\Users\Lev\Desktop\Dropbox\Study_Materials_2\Alg2\homework6\hw6\Debug\vc110.pdb
C:\Users\Lev\Desktop\Dropbox\Study_Materials_2\Alg2\homework6\Debug\hw6.pdb
C:\Users\Lev\Desktop\Dropbox\Study_Materials_2\Alg2\homework6\Debug\hw6.exe
C:\Users\Lev\Desktop\Dropbox\Study_Materials_2\Alg2\homework6\Debug\hw6.ilk
